  Determining projects to restore...
  All projects are up-to-date for restore.
  Inventory.Domain -> H:\Khaled2\Alyarmouk-Inventory-Manager\src\Inventory.Domain\bin\Debug\net9.0\Inventory.Domain.dll
  Inventory.Application -> H:\Khaled2\Alyarmouk-Inventory-Manager\src\Inventory.Application\bin\Debug\net9.0\Inventory.Application.dll
  Inventory.Infrastructure -> H:\Khaled2\Alyarmouk-Inventory-Manager\src\Inventory.Infrastructure\bin\Debug\net9.0\Inventory.Infrastructure.dll
H:\Khaled2\Alyarmouk-Inventory-Manager\tests\Inventory.UnitTests\PaymentInvariantTests.cs(65,80): warning CS8625: Cannot convert null literal to non-nullable reference type. [H:\Khaled2\Alyarmouk-Inventory-Manager\tests\Inventory.UnitTests\Inventory.UnitTests.csproj]
H:\Khaled2\Alyarmouk-Inventory-Manager\tests\Inventory.UnitTests\RefundTests.cs(83,31): warning CS8602: Dereference of a possibly null reference. [H:\Khaled2\Alyarmouk-Inventory-Manager\tests\Inventory.UnitTests\Inventory.UnitTests.csproj]
H:\Khaled2\Alyarmouk-Inventory-Manager\tests\Inventory.UnitTests\PaymentInvariantTests.cs(173,83): warning CS8625: Cannot convert null literal to non-nullable reference type. [H:\Khaled2\Alyarmouk-Inventory-Manager\tests\Inventory.UnitTests\Inventory.UnitTests.csproj]
H:\Khaled2\Alyarmouk-Inventory-Manager\tests\Inventory.UnitTests\PaymentInvariantTests.cs(229,17): error CS0117: 'CreatePurchaseOrderRequest' does not contain a definition for 'PaymentDeadline' [H:\Khaled2\Alyarmouk-Inventory-Manager\tests\Inventory.UnitTests\Inventory.UnitTests.csproj]
H:\Khaled2\Alyarmouk-Inventory-Manager\tests\Inventory.UnitTests\TaxCalculationTests.cs(298,34): warning CS8602: Dereference of a possibly null reference. [H:\Khaled2\Alyarmouk-Inventory-Manager\tests\Inventory.UnitTests\Inventory.UnitTests.csproj]
H:\Khaled2\Alyarmouk-Inventory-Manager\tests\Inventory.UnitTests\TaxCalculationTests.cs(352,30): warning CS8602: Dereference of a possibly null reference. [H:\Khaled2\Alyarmouk-Inventory-Manager\tests\Inventory.UnitTests\Inventory.UnitTests.csproj]
H:\Khaled2\Alyarmouk-Inventory-Manager\tests\Inventory.UnitTests\TaxCalculationTests.cs(413,34): warning CS8602: Dereference of a possibly null reference. [H:\Khaled2\Alyarmouk-Inventory-Manager\tests\Inventory.UnitTests\Inventory.UnitTests.csproj]

Build FAILED.

H:\Khaled2\Alyarmouk-Inventory-Manager\tests\Inventory.UnitTests\PaymentInvariantTests.cs(65,80): warning CS8625: Cannot convert null literal to non-nullable reference type. [H:\Khaled2\Alyarmouk-Inventory-Manager\tests\Inventory.UnitTests\Inventory.UnitTests.csproj]
H:\Khaled2\Alyarmouk-Inventory-Manager\tests\Inventory.UnitTests\RefundTests.cs(83,31): warning CS8602: Dereference of a possibly null reference. [H:\Khaled2\Alyarmouk-Inventory-Manager\tests\Inventory.UnitTests\Inventory.UnitTests.csproj]
H:\Khaled2\Alyarmouk-Inventory-Manager\tests\Inventory.UnitTests\PaymentInvariantTests.cs(173,83): warning CS8625: Cannot convert null literal to non-nullable reference type. [H:\Khaled2\Alyarmouk-Inventory-Manager\tests\Inventory.UnitTests\Inventory.UnitTests.csproj]
H:\Khaled2\Alyarmouk-Inventory-Manager\tests\Inventory.UnitTests\TaxCalculationTests.cs(298,34): warning CS8602: Dereference of a possibly null reference. [H:\Khaled2\Alyarmouk-Inventory-Manager\tests\Inventory.UnitTests\Inventory.UnitTests.csproj]
H:\Khaled2\Alyarmouk-Inventory-Manager\tests\Inventory.UnitTests\TaxCalculationTests.cs(352,30): warning CS8602: Dereference of a possibly null reference. [H:\Khaled2\Alyarmouk-Inventory-Manager\tests\Inventory.UnitTests\Inventory.UnitTests.csproj]
H:\Khaled2\Alyarmouk-Inventory-Manager\tests\Inventory.UnitTests\TaxCalculationTests.cs(413,34): warning CS8602: Dereference of a possibly null reference. [H:\Khaled2\Alyarmouk-Inventory-Manager\tests\Inventory.UnitTests\Inventory.UnitTests.csproj]
H:\Khaled2\Alyarmouk-Inventory-Manager\tests\Inventory.UnitTests\PaymentInvariantTests.cs(229,17): error CS0117: 'CreatePurchaseOrderRequest' does not contain a definition for 'PaymentDeadline' [H:\Khaled2\Alyarmouk-Inventory-Manager\tests\Inventory.UnitTests\Inventory.UnitTests.csproj]
    6 Warning(s)
    1 Error(s)

Time Elapsed 00:00:01.47
